Determining if the pthread_create exist failed with the following output:
Change Dir: /home/tanmay/indigo_workspace/sandbox/RCNN_MDP/build/CMakeFiles/CMakeTmp

Run Build Command:/usr/bin/make "cmTryCompileExec2818255718/fast"
make[1]: Entering directory `/home/tanmay/indigo_workspace/sandbox/RCNN_MDP/build/CMakeFiles/CMakeTmp'
/usr/bin/make -f CMakeFiles/cmTryCompileExec2818255718.dir/build.make CMakeFiles/cmTryCompileExec2818255718.dir/build
make[2]: Entering directory `/home/tanmay/indigo_workspace/sandbox/RCNN_MDP/build/CMakeFiles/CMakeTmp'
/usr/bin/cmake -E cmake_progress_report /home/tanmay/indigo_workspace/sandbox/RCNN_MDP/build/CMakeFiles/CMakeTmp/CMakeFiles 1
Building C object CMakeFiles/cmTryCompileExec2818255718.dir/CheckSymbolExists.c.o
/usr/bin/cc    -o CMakeFiles/cmTryCompileExec2818255718.dir/CheckSymbolExists.c.o   -c /home/tanmay/indigo_workspace/sandbox/RCNN_MDP/build/CMakeFiles/CMakeTmp/CheckSymbolExists.c
Linking C executable cmTryCompileExec2818255718
/usr/bin/cmake -E cmake_link_script CMakeFiles/cmTryCompileExec2818255718.dir/link.txt --verbose=1
/usr/bin/cc       CMakeFiles/cmTryCompileExec2818255718.dir/CheckSymbolExists.c.o  -o cmTryCompileExec2818255718 -rdynamic 
CMakeFiles/cmTryCompileExec2818255718.dir/CheckSymbolExists.c.o: In function `main':
CheckSymbolExists.c:(.text+0x16): undefined reference to `pthread_create'
collect2: error: ld returned 1 exit status
make[2]: *** [cmTryCompileExec2818255718] Error 1
make[2]: Leaving directory `/home/tanmay/indigo_workspace/sandbox/RCNN_MDP/build/CMakeFiles/CMakeTmp'
make[1]: *** [cmTryCompileExec2818255718/fast] Error 2
make[1]: Leaving directory `/home/tanmay/indigo_workspace/sandbox/RCNN_MDP/build/CMakeFiles/CMakeTmp'

File /home/tanmay/indigo_workspace/sandbox/RCNN_MDP/build/CMakeFiles/CMakeTmp/CheckSymbolExists.c:
/* */
#include <pthread.h>

int main(int argc, char** argv)
{
  (void)argv;
#ifndef pthread_create
  return ((int*)(&pthread_create))[argc];
#else
  (void)argc;
  return 0;
#endif
}

Determining if the function pthread_create exists in the pthreads failed with the following output:
Change Dir: /home/tanmay/indigo_workspace/sandbox/RCNN_MDP/build/CMakeFiles/CMakeTmp

Run Build Command:/usr/bin/make "cmTryCompileExec694405698/fast"
make[1]: Entering directory `/home/tanmay/indigo_workspace/sandbox/RCNN_MDP/build/CMakeFiles/CMakeTmp'
/usr/bin/make -f CMakeFiles/cmTryCompileExec694405698.dir/build.make CMakeFiles/cmTryCompileExec694405698.dir/build
make[2]: Entering directory `/home/tanmay/indigo_workspace/sandbox/RCNN_MDP/build/CMakeFiles/CMakeTmp'
/usr/bin/cmake -E cmake_progress_report /home/tanmay/indigo_workspace/sandbox/RCNN_MDP/build/CMakeFiles/CMakeTmp/CMakeFiles 1
Building C object CMakeFiles/cmTryCompileExec694405698.dir/CheckFunctionExists.c.o
/usr/bin/cc   -DCHECK_FUNCTION_EXISTS=pthread_create   -o CMakeFiles/cmTryCompileExec694405698.dir/CheckFunctionExists.c.o   -c /usr/share/cmake-2.8/Modules/CheckFunctionExists.c
Linking C executable cmTryCompileExec694405698
/usr/bin/cmake -E cmake_link_script CMakeFiles/cmTryCompileExec694405698.dir/link.txt --verbose=1
/usr/bin/cc   -DCHECK_FUNCTION_EXISTS=pthread_create    CMakeFiles/cmTryCompileExec694405698.dir/CheckFunctionExists.c.o  -o cmTryCompileExec694405698 -rdynamic -lpthreads 
/usr/bin/ld: cannot find -lpthreads
collect2: error: ld returned 1 exit status
make[2]: Leaving directory `/home/tanmay/indigo_workspace/sandbox/RCNN_MDP/build/CMakeFiles/CMakeTmp'
make[2]: *** [cmTryCompileExec694405698] Error 1
make[1]: Leaving directory `/home/tanmay/indigo_workspace/sandbox/RCNN_MDP/build/CMakeFiles/CMakeTmp'
make[1]: *** [cmTryCompileExec694405698/fast] Error 2


